Arguments: 
  C:\Program Files\nodejs\node.exe C:\Program Files (x86)\Yarn\bin\yarn.js publish

PATH: 
  C:\Program Files\Docker\Docker\Resources\bin;C:\ProgramData\Oracle\Java\javapath;C:\Users\Administrator\AppData\Local\Programs\Python\Python36\Scripts\;C:\Users\Administrator\AppData\Local\Programs\Python\Python36\;C:\Users\Administrator\AppData\Local\Microsoft\WindowsApps;C:\Program Files\Microsoft VS Code\bin;C:\Users\Administrator\AppData\Roaming\npm;C:\Users\Administrator\AppData\Local\Yarn\bin;C:\Users\Administrator\AppData\Local\atom\bin;C:\ProgramData\chocolatey\bin;C:\Program Files (x86)\Yarn\bin\;C:\Program Files\nodejs\;C:\Users\Administrator\AppData\Local\Android\Sdk\platform-tools;C:\Program Files (x86)\Microsoft Emulator Manager\1.0\;C:\windows\system32;C:\Program Files\Git\cmd;C:\Program Files\Git\bin;C:\Program Files\Java\jdk1.8.0_161\bin;C:\Users\Administrator\AppData\Local\openssh;C:\Program Files\PuTTY\;C:\Program Files (x86)\phantomjs\bin;C:\Program Files\MongoDB\Server\3.6\bin;C:\windows\system32\WindowsPowerShell\v1.0;C:\Program Files (x86)\Windows Kits\8.1\Windows Performance Toolkit\;C:\Users\Administrator\AppData\Local\Programs\Python\Python36\Scripts\;C:\Users\Administrator\AppData\Local\Programs\Python\Python36\;C:\Users\Administrator\AppData\Local\Microsoft\WindowsApps;C:\Program Files\Microsoft VS Code\bin;C:\Users\Administrator\AppData\Local\atom\bin;C:\Users\Administrator\AppData\Local\Yarn\bin;C:\Users\Administrator\AppData\Roaming\npm

Yarn version: 
  1.5.1

Node version: 
  8.10.0

Platform: 
  win32 x64

npm manifest: 
  {
    "name": "jfmd-webpack-loader",
    "version": "1.0.0",
    "main": "index.js",
    "repository": "https://github.com/JasonFF/jfmd-webpack-loader.git",
    "author": "JasonFF <dfQ_Qjb@qq.com>",
    "license": "MIT",
    "dependencies": {
      "loader-utils": "^1.1.0",
      "remarkable": "^1.7.1"
    }
  }

yarn manifest: 
  No manifest

Lockfile: 
  # THIS IS AN AUTOGENERATED FILE. DO NOT EDIT THIS FILE DIRECTLY.
  # yarn lockfile v1
  
  
  argparse@~0.1.15:
    version "0.1.16"
    resolved "https://registry.yarnpkg.com/argparse/-/argparse-0.1.16.tgz#cfd01e0fbba3d6caed049fbd758d40f65196f57c"
    dependencies:
      underscore "~1.7.0"
      underscore.string "~2.4.0"
  
  autolinker@~0.15.0:
    version "0.15.3"
    resolved "https://registry.yarnpkg.com/autolinker/-/autolinker-0.15.3.tgz#342417d8f2f3461b14cf09088d5edf8791dc9832"
  
  big.js@^3.1.3:
    version "3.2.0"
    resolved "https://registry.yarnpkg.com/big.js/-/big.js-3.2.0.tgz#a5fc298b81b9e0dca2e458824784b65c52ba588e"
  
  emojis-list@^2.0.0:
    version "2.1.0"
    resolved "https://registry.yarnpkg.com/emojis-list/-/emojis-list-2.1.0.tgz#4daa4d9db00f9819880c79fa457ae5b09a1fd389"
  
  json5@^0.5.0:
    version "0.5.1"
    resolved "https://registry.yarnpkg.com/json5/-/json5-0.5.1.tgz#1eade7acc012034ad84e2396767ead9fa5495821"
  
  loader-utils@^1.1.0:
    version "1.1.0"
    resolved "https://registry.yarnpkg.com/loader-utils/-/loader-utils-1.1.0.tgz#c98aef488bcceda2ffb5e2de646d6a754429f5cd"
    dependencies:
      big.js "^3.1.3"
      emojis-list "^2.0.0"
      json5 "^0.5.0"
  
  remarkable@^1.7.1:
    version "1.7.1"
    resolved "https://registry.yarnpkg.com/remarkable/-/remarkable-1.7.1.tgz#aaca4972100b66a642a63a1021ca4bac1be3bff6"
    dependencies:
      argparse "~0.1.15"
      autolinker "~0.15.0"
  
  underscore.string@~2.4.0:
    version "2.4.0"
    resolved "https://registry.yarnpkg.com/underscore.string/-/underscore.string-2.4.0.tgz#8cdd8fbac4e2d2ea1e7e2e8097c42f442280f85b"
  
  underscore@~1.7.0:
    version "1.7.0"
    resolved "https://registry.yarnpkg.com/underscore/-/underscore-1.7.0.tgz#6bbaf0877500d36be34ecaa584e0db9fef035209"

Trace: 
  Error: https://registry.yarnpkg.com/jfmd-webpack-loader: You cannot publish over the previously published versions: 1.0.0.
      at Request.params.callback [as _callback] (C:\Program Files (x86)\Yarn\lib\cli.js:65019:18)
      at Request.self.callback (C:\Program Files (x86)\Yarn\lib\cli.js:132430:22)
      at emitTwo (events.js:126:13)
      at Request.emit (events.js:214:7)
      at Request.<anonymous> (C:\Program Files (x86)\Yarn\lib\cli.js:133413:10)
      at emitOne (events.js:116:13)
      at Request.emit (events.js:211:7)
      at Gunzip.<anonymous> (C:\Program Files (x86)\Yarn\lib\cli.js:133333:12)
      at Object.onceWrapper (events.js:313:30)
      at emitNone (events.js:111:20)
